#! /usr/bin/vvp
:ivl_version "10.1 (stable)";
:ivl_delay_selection "TYPICAL";
:vpi_time_precision - 12;
:vpi_module "system";
:vpi_module "vhdl_sys";
:vpi_module "v2005_math";
:vpi_module "va_math";
:vpi_module "v2009";
S_0x55e22af8e490 .scope module, "iob_knn" "iob_knn" 2 6;
 .timescale -9 -12;
    .port_info 0 /INPUT 1 "valid"
    .port_info 1 /INPUT 3 "address"
    .port_info 2 /INPUT 32 "wdata"
    .port_info 3 /INPUT 4 "wstrb"
    .port_info 4 /OUTPUT 32 "rdata"
    .port_info 5 /OUTPUT 1 "ready"
    .port_info 6 /INPUT 1 "clk"
    .port_info 7 /INPUT 1 "rst"
P_0x55e22af88bc0 .param/l "ADDR_W" 0 2 8, +C4<00000000000000000000000000000011>;
P_0x55e22af88c00 .param/l "DATA_W" 0 2 9, +C4<00000000000000000000000000100000>;
P_0x55e22af88c40 .param/l "WDATA_W" 0 2 10, +C4<00000000000000000000000000100000>;
L_0x55e22af6ebd0 .functor BUFZ 32, v0x55e22afaf2a0_0, C4<00000000000000000000000000000000>, C4<00000000000000000000000000000000>, C4<00000000000000000000000000000000>;
L_0x55e22af60de0 .functor BUFZ 1, v0x55e22afaf460_0, C4<0>, C4<0>, C4<0>;
v0x55e22afaea40_0 .var "KNN_ENABLE", 0 0;
v0x55e22afaeb20_0 .var "KNN_RESET", 0 0;
v0x55e22afaebe0_0 .var "KNN_x1sw", 15 0;
v0x55e22afaec80_0 .var "KNN_x2sw", 15 0;
v0x55e22afaed20_0 .var "KNN_y1sw", 15 0;
v0x55e22afaee10_0 .var "KNN_y2sw", 15 0;
v0x55e22afaeeb0_0 .net "KNN_zsw", 31 0, L_0x55e22af27a00;  1 drivers
o0x7f74486753d8 .functor BUFZ 3, C4<zzz>; HiZ drive
v0x55e22afaef50_0 .net "address", 2 0, o0x7f74486753d8;  0 drivers
o0x7f7448675048 .functor BUFZ 1, C4<z>; HiZ drive
v0x55e22afaf010_0 .net "clk", 0 0, o0x7f7448675048;  0 drivers
v0x55e22afaf100_0 .var "dummy", 31 0;
v0x55e22afaf1c0_0 .net "rdata", 31 0, L_0x55e22af6ebd0;  1 drivers
v0x55e22afaf2a0_0 .var "rdata_int", 31 0;
v0x55e22afaf380_0 .net "ready", 0 0, L_0x55e22af60de0;  1 drivers
v0x55e22afaf460_0 .var "ready_int", 0 0;
o0x7f74486754f8 .functor BUFZ 1, C4<z>; HiZ drive
v0x55e22afaf540_0 .net "rst", 0 0, o0x7f74486754f8;  0 drivers
v0x55e22afaf620_0 .var "rst_int", 0 0;
o0x7f7448675528 .functor BUFZ 1, C4<z>; HiZ drive
v0x55e22afaf710_0 .net "valid", 0 0, o0x7f7448675528;  0 drivers
o0x7f7448675558 .functor BUFZ 32, C4<zzzzzzzzzzzzzzzzzzzzzzzzzzzzzzzz>; HiZ drive
v0x55e22afaf7d0_0 .net "wdata", 31 0, o0x7f7448675558;  0 drivers
v0x55e22afaf8b0_0 .var "write", 0 0;
o0x7f74486755b8 .functor BUFZ 4, C4<zzzz>; HiZ drive
v0x55e22afaf990_0 .net "wstrb", 3 0, o0x7f74486755b8;  0 drivers
E_0x55e22af61500 .event posedge, v0x55e22afaf540_0, v0x55e22af834b0_0;
E_0x55e22af61ec0 .event edge, v0x55e22afaf990_0;
E_0x55e22af6c900 .event edge, v0x55e22afaf540_0, v0x55e22afaeb20_0;
E_0x55e22af62450 .event edge, v0x55e22afaef50_0, v0x55e22afae860_0, v0x55e22afaf100_0;
S_0x55e22af8f3f0 .scope module, "knn0" "knn_core" 2 33, 3 4 0, S_0x55e22af8e490;
 .timescale -9 -12;
    .port_info 0 /INPUT 1 "KNN_ENABLE"
    .port_info 1 /INPUT 1 "clk"
    .port_info 2 /INPUT 1 "rst"
    .port_info 3 /INPUT 16 "x1"
    .port_info 4 /INPUT 16 "x2"
    .port_info 5 /INPUT 16 "y1"
    .port_info 6 /INPUT 16 "y2"
    .port_info 7 /OUTPUT 32 "z"
P_0x55e22af82450 .param/l "DATA_W" 0 3 6, +C4<00000000000000000000000000100000>;
L_0x55e22af27a00 .functor BUFZ 32, v0x55e22af83550_0, C4<00000000000000000000000000000000>, C4<00000000000000000000000000000000>, C4<00000000000000000000000000000000>;
v0x55e22af82a70_0 .net "KNN_ENABLE", 0 0, v0x55e22afaea40_0;  1 drivers
v0x55e22af834b0_0 .net "clk", 0 0, o0x7f7448675048;  alias, 0 drivers
v0x55e22af83550_0 .var "dist_int", 31 0;
v0x55e22af83f90_0 .var/s "distx", 15 0;
v0x55e22af84030_0 .var/s "disty", 15 0;
v0x55e22af84a70_0 .net "rst", 0 0, v0x55e22afaf620_0;  1 drivers
v0x55e22af84b10_0 .net "x1", 15 0, v0x55e22afaebe0_0;  1 drivers
v0x55e22afae5c0_0 .net "x2", 15 0, v0x55e22afaec80_0;  1 drivers
v0x55e22afae6a0_0 .net "y1", 15 0, v0x55e22afaed20_0;  1 drivers
v0x55e22afae780_0 .net "y2", 15 0, v0x55e22afaee10_0;  1 drivers
v0x55e22afae860_0 .net "z", 31 0, L_0x55e22af27a00;  alias, 1 drivers
E_0x55e22af8d7d0/0 .event edge, v0x55e22af84b10_0, v0x55e22afae5c0_0, v0x55e22afae6a0_0, v0x55e22afae780_0;
E_0x55e22af8d7d0/1 .event edge, v0x55e22af83f90_0, v0x55e22af84030_0;
E_0x55e22af8d7d0 .event/or E_0x55e22af8d7d0/0, E_0x55e22af8d7d0/1;
S_0x55e22af8f270 .scope module, "knn_tb" "knn_tb" 4 5;
 .timescale -9 -12;
P_0x55e22af5ebc0 .param/l "PER" 1 4 7, +C4<00000000000000000000000000001010>;
v0x55e22afb0a30_0 .var "KNN_ENABLE", 0 0;
v0x55e22afb0b10_0 .var "KNN_SAMPLE", 0 0;
v0x55e22afb0bd0_0 .var "clk", 0 0;
v0x55e22afb0cd0_0 .var "rst", 0 0;
v0x55e22afb0da0_0 .var "x1", 15 0;
v0x55e22afb0e40_0 .var "x2", 15 0;
v0x55e22afb0f10_0 .var "y1", 15 0;
v0x55e22afb0fe0_0 .var "y2", 15 0;
v0x55e22afb10b0_0 .net "z", 31 0, L_0x55e22af60ee0;  1 drivers
E_0x55e22af70290 .event posedge, v0x55e22afb0010_0;
E_0x55e22af7e240 .event negedge, v0x55e22afb03f0_0;
E_0x55e22af78570 .event posedge, v0x55e22afb03f0_0;
S_0x55e22afafbf0 .scope module, "knn0" "knn_core" 4 91, 3 4 0, S_0x55e22af8f270;
 .timescale -9 -12;
    .port_info 0 /INPUT 1 "KNN_ENABLE"
    .port_info 1 /INPUT 1 "clk"
    .port_info 2 /INPUT 1 "rst"
    .port_info 3 /INPUT 16 "x1"
    .port_info 4 /INPUT 16 "x2"
    .port_info 5 /INPUT 16 "y1"
    .port_info 6 /INPUT 16 "y2"
    .port_info 7 /OUTPUT 32 "z"
P_0x55e22afafd90 .param/l "DATA_W" 0 3 6, +C4<00000000000000000000000000100000>;
L_0x55e22af60ee0 .functor BUFZ 32, v0x55e22afb00f0_0, C4<00000000000000000000000000000000>, C4<00000000000000000000000000000000>, C4<00000000000000000000000000000000>;
v0x55e22afaff10_0 .net "KNN_ENABLE", 0 0, v0x55e22afb0a30_0;  1 drivers
v0x55e22afb0010_0 .net "clk", 0 0, v0x55e22afb0bd0_0;  1 drivers
v0x55e22afb00f0_0 .var "dist_int", 31 0;
v0x55e22afb01e0_0 .var/s "distx", 15 0;
v0x55e22afb02c0_0 .var/s "disty", 15 0;
v0x55e22afb03f0_0 .net "rst", 0 0, v0x55e22afb0cd0_0;  1 drivers
v0x55e22afb04d0_0 .net "x1", 15 0, v0x55e22afb0da0_0;  1 drivers
v0x55e22afb05b0_0 .net "x2", 15 0, v0x55e22afb0e40_0;  1 drivers
v0x55e22afb0690_0 .net "y1", 15 0, v0x55e22afb0f10_0;  1 drivers
v0x55e22afb0770_0 .net "y2", 15 0, v0x55e22afb0fe0_0;  1 drivers
v0x55e22afb0850_0 .net "z", 31 0, L_0x55e22af60ee0;  alias, 1 drivers
E_0x55e22af7ea90/0 .event edge, v0x55e22afb04d0_0, v0x55e22afb05b0_0, v0x55e22afb0690_0, v0x55e22afb0770_0;
E_0x55e22af7ea90/1 .event edge, v0x55e22afb01e0_0, v0x55e22afb02c0_0;
E_0x55e22af7ea90 .event/or E_0x55e22af7ea90/0, E_0x55e22af7ea90/1;
    .scope S_0x55e22af8f3f0;
T_0 ;
    %wait E_0x55e22af8d7d0;
    %load/vec4 v0x55e22af84b10_0;
    %load/vec4 v0x55e22afae5c0_0;
    %sub;
    %store/vec4 v0x55e22af83f90_0, 0, 16;
    %load/vec4 v0x55e22afae6a0_0;
    %load/vec4 v0x55e22afae780_0;
    %sub;
    %store/vec4 v0x55e22af84030_0, 0, 16;
    %load/vec4 v0x55e22af83f90_0;
    %pad/s 32;
    %load/vec4 v0x55e22af83f90_0;
    %pad/s 32;
    %mul;
    %load/vec4 v0x55e22af84030_0;
    %pad/s 32;
    %load/vec4 v0x55e22af84030_0;
    %pad/s 32;
    %mul;
    %add;
    %store/vec4 v0x55e22af83550_0, 0, 32;
    %jmp T_0;
    .thread T_0, $push;
    .scope S_0x55e22af8e490;
T_1 ;
    %wait E_0x55e22af61500;
    %load/vec4 v0x55e22afaf540_0;
    %flag_set/vec4 8;
    %jmp/0xz  T_1.0, 8;
    %pushi/vec4 0, 0, 1;
    %assign/vec4 v0x55e22afaeb20_0, 0;
    %jmp T_1.1;
T_1.0 ;
    %load/vec4 v0x55e22afaf710_0;
    %pad/u 4;
    %load/vec4 v0x55e22afaf990_0;
    %and;
    %load/vec4 v0x55e22afaef50_0;
    %pad/u 32;
    %pushi/vec4 0, 0, 32;
    %cmp/e;
    %flag_get/vec4 4;
    %pad/u 4;
    %and;
    %cmpi/ne 0, 0, 4;
    %jmp/0xz  T_1.2, 4;
    %load/vec4 v0x55e22afaf7d0_0;
    %parti/s 1, 0, 2;
    %assign/vec4 v0x55e22afaeb20_0, 0;
T_1.2 ;
T_1.1 ;
    %jmp T_1;
    .thread T_1;
    .scope S_0x55e22af8e490;
T_2 ;
    %wait E_0x55e22af61500;
    %load/vec4 v0x55e22afaf540_0;
    %flag_set/vec4 8;
    %jmp/0xz  T_2.0, 8;
    %pushi/vec4 0, 0, 1;
    %assign/vec4 v0x55e22afaea40_0, 0;
    %jmp T_2.1;
T_2.0 ;
    %load/vec4 v0x55e22afaf710_0;
    %pad/u 4;
    %load/vec4 v0x55e22afaf990_0;
    %and;
    %load/vec4 v0x55e22afaef50_0;
    %pad/u 32;
    %pushi/vec4 1, 0, 32;
    %cmp/e;
    %flag_get/vec4 4;
    %pad/u 4;
    %and;
    %cmpi/ne 0, 0, 4;
    %jmp/0xz  T_2.2, 4;
    %load/vec4 v0x55e22afaf7d0_0;
    %parti/s 1, 0, 2;
    %assign/vec4 v0x55e22afaea40_0, 0;
T_2.2 ;
T_2.1 ;
    %jmp T_2;
    .thread T_2;
    .scope S_0x55e22af8e490;
T_3 ;
    %wait E_0x55e22af61500;
    %load/vec4 v0x55e22afaf540_0;
    %flag_set/vec4 8;
    %jmp/0xz  T_3.0, 8;
    %pushi/vec4 0, 0, 16;
    %assign/vec4 v0x55e22afaebe0_0, 0;
    %jmp T_3.1;
T_3.0 ;
    %load/vec4 v0x55e22afaf710_0;
    %pad/u 4;
    %load/vec4 v0x55e22afaf990_0;
    %and;
    %load/vec4 v0x55e22afaef50_0;
    %pad/u 32;
    %pushi/vec4 2, 0, 32;
    %cmp/e;
    %flag_get/vec4 4;
    %pad/u 4;
    %and;
    %cmpi/ne 0, 0, 4;
    %jmp/0xz  T_3.2, 4;
    %load/vec4 v0x55e22afaf7d0_0;
    %parti/s 16, 0, 2;
    %assign/vec4 v0x55e22afaebe0_0, 0;
T_3.2 ;
T_3.1 ;
    %jmp T_3;
    .thread T_3;
    .scope S_0x55e22af8e490;
T_4 ;
    %wait E_0x55e22af61500;
    %load/vec4 v0x55e22afaf540_0;
    %flag_set/vec4 8;
    %jmp/0xz  T_4.0, 8;
    %pushi/vec4 0, 0, 16;
    %assign/vec4 v0x55e22afaec80_0, 0;
    %jmp T_4.1;
T_4.0 ;
    %load/vec4 v0x55e22afaf710_0;
    %pad/u 4;
    %load/vec4 v0x55e22afaf990_0;
    %and;
    %load/vec4 v0x55e22afaef50_0;
    %pad/u 32;
    %pushi/vec4 3, 0, 32;
    %cmp/e;
    %flag_get/vec4 4;
    %pad/u 4;
    %and;
    %cmpi/ne 0, 0, 4;
    %jmp/0xz  T_4.2, 4;
    %load/vec4 v0x55e22afaf7d0_0;
    %parti/s 16, 0, 2;
    %assign/vec4 v0x55e22afaec80_0, 0;
T_4.2 ;
T_4.1 ;
    %jmp T_4;
    .thread T_4;
    .scope S_0x55e22af8e490;
T_5 ;
    %wait E_0x55e22af61500;
    %load/vec4 v0x55e22afaf540_0;
    %flag_set/vec4 8;
    %jmp/0xz  T_5.0, 8;
    %pushi/vec4 0, 0, 16;
    %assign/vec4 v0x55e22afaed20_0, 0;
    %jmp T_5.1;
T_5.0 ;
    %load/vec4 v0x55e22afaf710_0;
    %pad/u 4;
    %load/vec4 v0x55e22afaf990_0;
    %and;
    %load/vec4 v0x55e22afaef50_0;
    %pad/u 32;
    %pushi/vec4 4, 0, 32;
    %cmp/e;
    %flag_get/vec4 4;
    %pad/u 4;
    %and;
    %cmpi/ne 0, 0, 4;
    %jmp/0xz  T_5.2, 4;
    %load/vec4 v0x55e22afaf7d0_0;
    %parti/s 16, 0, 2;
    %assign/vec4 v0x55e22afaed20_0, 0;
T_5.2 ;
T_5.1 ;
    %jmp T_5;
    .thread T_5;
    .scope S_0x55e22af8e490;
T_6 ;
    %wait E_0x55e22af61500;
    %load/vec4 v0x55e22afaf540_0;
    %flag_set/vec4 8;
    %jmp/0xz  T_6.0, 8;
    %pushi/vec4 0, 0, 16;
    %assign/vec4 v0x55e22afaee10_0, 0;
    %jmp T_6.1;
T_6.0 ;
    %load/vec4 v0x55e22afaf710_0;
    %pad/u 4;
    %load/vec4 v0x55e22afaf990_0;
    %and;
    %load/vec4 v0x55e22afaef50_0;
    %pad/u 32;
    %pushi/vec4 5, 0, 32;
    %cmp/e;
    %flag_get/vec4 4;
    %pad/u 4;
    %and;
    %cmpi/ne 0, 0, 4;
    %jmp/0xz  T_6.2, 4;
    %load/vec4 v0x55e22afaf7d0_0;
    %parti/s 16, 0, 2;
    %assign/vec4 v0x55e22afaee10_0, 0;
T_6.2 ;
T_6.1 ;
    %jmp T_6;
    .thread T_6;
    .scope S_0x55e22af8e490;
T_7 ;
    %wait E_0x55e22af62450;
    %pushi/vec4 0, 0, 32;
    %store/vec4 v0x55e22afaf2a0_0, 0, 32;
    %load/vec4 v0x55e22afaef50_0;
    %dup/vec4;
    %pushi/vec4 6, 0, 3;
    %cmp/u;
    %jmp/1 T_7.0, 6;
    %dup/vec4;
    %pushi/vec4 7, 0, 3;
    %cmp/u;
    %jmp/1 T_7.1, 6;
    %pushi/vec4 0, 0, 32;
    %store/vec4 v0x55e22afaf2a0_0, 0, 32;
    %jmp T_7.3;
T_7.0 ;
    %load/vec4 v0x55e22afaeeb0_0;
    %pushi/vec4 0, 0, 32;
    %or;
    %store/vec4 v0x55e22afaf2a0_0, 0, 32;
    %jmp T_7.3;
T_7.1 ;
    %load/vec4 v0x55e22afaf100_0;
    %pushi/vec4 0, 0, 32;
    %or;
    %store/vec4 v0x55e22afaf2a0_0, 0, 32;
    %jmp T_7.3;
T_7.3 ;
    %pop/vec4 1;
    %jmp T_7;
    .thread T_7, $push;
    .scope S_0x55e22af8e490;
T_8 ;
    %wait E_0x55e22af6c900;
    %load/vec4 v0x55e22afaf540_0;
    %load/vec4 v0x55e22afaeb20_0;
    %or;
    %store/vec4 v0x55e22afaf620_0, 0, 1;
    %jmp T_8;
    .thread T_8, $push;
    .scope S_0x55e22af8e490;
T_9 ;
    %wait E_0x55e22af61ec0;
    %load/vec4 v0x55e22afaf990_0;
    %or/r;
    %store/vec4 v0x55e22afaf8b0_0, 0, 1;
    %jmp T_9;
    .thread T_9, $push;
    .scope S_0x55e22af8e490;
T_10 ;
    %wait E_0x55e22af61500;
    %load/vec4 v0x55e22afaf540_0;
    %flag_set/vec4 8;
    %jmp/0xz  T_10.0, 8;
    %pushi/vec4 0, 0, 1;
    %assign/vec4 v0x55e22afaf460_0, 0;
    %jmp T_10.1;
T_10.0 ;
    %load/vec4 v0x55e22afaf710_0;
    %assign/vec4 v0x55e22afaf460_0, 0;
T_10.1 ;
    %jmp T_10;
    .thread T_10;
    .scope S_0x55e22afafbf0;
T_11 ;
    %wait E_0x55e22af7ea90;
    %load/vec4 v0x55e22afb04d0_0;
    %load/vec4 v0x55e22afb05b0_0;
    %sub;
    %store/vec4 v0x55e22afb01e0_0, 0, 16;
    %load/vec4 v0x55e22afb0690_0;
    %load/vec4 v0x55e22afb0770_0;
    %sub;
    %store/vec4 v0x55e22afb02c0_0, 0, 16;
    %load/vec4 v0x55e22afb01e0_0;
    %pad/s 32;
    %load/vec4 v0x55e22afb01e0_0;
    %pad/s 32;
    %mul;
    %load/vec4 v0x55e22afb02c0_0;
    %pad/s 32;
    %load/vec4 v0x55e22afb02c0_0;
    %pad/s 32;
    %mul;
    %add;
    %store/vec4 v0x55e22afb00f0_0, 0, 32;
    %jmp T_11;
    .thread T_11, $push;
    .scope S_0x55e22af8f270;
T_12 ;
    %pushi/vec4 1, 0, 1;
    %store/vec4 v0x55e22afb0bd0_0, 0, 1;
    %end;
    .thread T_12;
    .scope S_0x55e22af8f270;
T_13 ;
    %delay 5000, 0;
    %load/vec4 v0x55e22afb0bd0_0;
    %inv;
    %store/vec4 v0x55e22afb0bd0_0, 0, 1;
    %jmp T_13;
    .thread T_13;
    .scope S_0x55e22af8f270;
T_14 ;
    %pushi/vec4 0, 0, 1;
    %store/vec4 v0x55e22afb0cd0_0, 0, 1;
    %end;
    .thread T_14;
    .scope S_0x55e22af8f270;
T_15 ;
    %delay 7000, 0;
    %pushi/vec4 1, 0, 1;
    %store/vec4 v0x55e22afb0cd0_0, 0, 1;
    %delay 10000, 0;
    %pushi/vec4 0, 0, 1;
    %store/vec4 v0x55e22afb0cd0_0, 0, 1;
    %end;
    .thread T_15;
    .scope S_0x55e22af8f270;
T_16 ;
    %vpi_call/w 4 25 "$dumpfile", "knn.vcd" {0 0 0};
    %vpi_call/w 4 26 "$dumpvars" {0 0 0};
    %pushi/vec4 0, 0, 1;
    %store/vec4 v0x55e22afb0a30_0, 0, 1;
    %pushi/vec4 0, 0, 1;
    %store/vec4 v0x55e22afb0b10_0, 0, 1;
    %wait E_0x55e22af78570;
    %wait E_0x55e22af7e240;
    %wait E_0x55e22af70290;
    %delay 1000, 0;
    %pushi/vec4 1, 0, 1;
    %store/vec4 v0x55e22afb0a30_0, 0, 1;
    %wait E_0x55e22af70290;
    %delay 1000, 0;
    %pushi/vec4 1, 0, 1;
    %store/vec4 v0x55e22afb0b10_0, 0, 1;
    %wait E_0x55e22af70290;
    %delay 1000, 0;
    %pushi/vec4 0, 0, 1;
    %store/vec4 v0x55e22afb0b10_0, 0, 1;
    %wait E_0x55e22af70290;
    %delay 1000, 0;
    %pushi/vec4 1, 0, 16;
    %store/vec4 v0x55e22afb0da0_0, 0, 16;
    %pushi/vec4 4, 0, 16;
    %store/vec4 v0x55e22afb0e40_0, 0, 16;
    %pushi/vec4 8, 0, 16;
    %store/vec4 v0x55e22afb0f10_0, 0, 16;
    %pushi/vec4 3, 0, 16;
    %store/vec4 v0x55e22afb0fe0_0, 0, 16;
    %delay 1000, 0;
    %vpi_call/w 4 48 "$display", "Coordenates x1: %d  x2: %d  y1: %d  y2: %d Distance %d", v0x55e22afb0da0_0, v0x55e22afb0e40_0, v0x55e22afb0f10_0, v0x55e22afb0fe0_0, v0x55e22afb10b0_0 {0 0 0};
    %load/vec4 v0x55e22afb10b0_0;
    %cmpi/e 34, 0, 32;
    %jmp/0xz  T_16.0, 4;
    %vpi_call/w 4 51 "$display", "Test passed" {0 0 0};
    %jmp T_16.1;
T_16.0 ;
    %vpi_call/w 4 53 "$display", "Test failed: expecting knn value 34 but got %d", v0x55e22afb10b0_0 {0 0 0};
T_16.1 ;
    %wait E_0x55e22af70290;
    %delay 1000, 0;
    %pushi/vec4 3, 0, 16;
    %store/vec4 v0x55e22afb0da0_0, 0, 16;
    %pushi/vec4 15, 0, 16;
    %store/vec4 v0x55e22afb0e40_0, 0, 16;
    %pushi/vec4 20, 0, 16;
    %store/vec4 v0x55e22afb0f10_0, 0, 16;
    %pushi/vec4 50, 0, 16;
    %store/vec4 v0x55e22afb0fe0_0, 0, 16;
    %delay 1000, 0;
    %vpi_call/w 4 63 "$display", "Coordenates x1: %d  x2: %d  y1: %d  y2: %d Distance %d", v0x55e22afb0da0_0, v0x55e22afb0e40_0, v0x55e22afb0f10_0, v0x55e22afb0fe0_0, v0x55e22afb10b0_0 {0 0 0};
    %load/vec4 v0x55e22afb10b0_0;
    %cmpi/e 1044, 0, 32;
    %jmp/0xz  T_16.2, 4;
    %vpi_call/w 4 66 "$display", "Test passed" {0 0 0};
    %jmp T_16.3;
T_16.2 ;
    %vpi_call/w 4 68 "$display", "Test failed: expecting knn value 34 but got %d", v0x55e22afb10b0_0 {0 0 0};
T_16.3 ;
    %wait E_0x55e22af70290;
    %delay 1000, 0;
    %pushi/vec4 132, 0, 16;
    %store/vec4 v0x55e22afb0da0_0, 0, 16;
    %pushi/vec4 33, 0, 16;
    %store/vec4 v0x55e22afb0e40_0, 0, 16;
    %pushi/vec4 640, 0, 16;
    %store/vec4 v0x55e22afb0f10_0, 0, 16;
    %pushi/vec4 12, 0, 16;
    %store/vec4 v0x55e22afb0fe0_0, 0, 16;
    %delay 1000, 0;
    %vpi_call/w 4 78 "$display", "Coordenates x1: %d  x2: %d  y1: %d  y2: %d Distance %d", v0x55e22afb0da0_0, v0x55e22afb0e40_0, v0x55e22afb0f10_0, v0x55e22afb0fe0_0, v0x55e22afb10b0_0 {0 0 0};
    %load/vec4 v0x55e22afb10b0_0;
    %cmpi/e 404185, 0, 32;
    %jmp/0xz  T_16.4, 4;
    %vpi_call/w 4 81 "$display", "Test passed" {0 0 0};
    %jmp T_16.5;
T_16.4 ;
    %vpi_call/w 4 83 "$display", "Test failed: expecting knn value 34 but got %d", v0x55e22afb10b0_0 {0 0 0};
T_16.5 ;
    %vpi_call/w 4 87 "$finish" {0 0 0};
    %end;
    .thread T_16;
# The file index is used to find the file name in the following table.
:file_names 5;
    "N/A";
    "<interactive>";
    "../../../hardware/src/iob_knn.v";
    "../../../hardware/src/knn.v";
    "../../../hardware/testbench/knn_tb.v";
