#-----------------------------------------------------------
# Vivado v2019.1 (64-bit)
# SW Build 2552052 on Fri May 24 14:47:09 MDT 2019
# IP Build 2548770 on Fri May 24 18:01:18 MDT 2019
# Start of session at: Sat Jan  2 23:09:40 2021
# Process ID: 2652
# Current directory: /home/pedroazevedo/ecomp/iob-soc-knn-final/submodules/KNN/hardware/fpga/vivado/XCKU
# Command line: vivado -nojournal -log vivado.log -mode batch -source ../knn.tcl -tclargs iob_knn ../../../../hardware/src/knn.v ../../../../hardware/src/iob_knn.v ../../../../hardware/include ../../../../submodules/LIB/hardware/include ../../../../submodules/INTERCON/hardware/include  DATA_W=32 xcku040-fbva676-1-c
# Log file: /home/pedroazevedo/ecomp/iob-soc-knn-final/submodules/KNN/hardware/fpga/vivado/XCKU/vivado.log
# Journal file: 
#-----------------------------------------------------------
source ../knn.tcl
# set TOP [lindex $argv 0]
# set PART xc7a35tcpg236-1
# set VSRC [lindex $argv 1]
# set HW_INCLUDE [lindex $argv 2]
# set HW_DEFINE [lindex $argv 3]
# puts $VSRC
../../../../hardware/src/knn.v ../../../../hardware/src/iob_knn.v
# foreach file [split $VSRC \ ] {
#     puts $file
#     if {$file != "" && $file != " " && $file != "\n"} {
#         read_verilog -sv $file
#     }
# }
../../../../hardware/src/knn.v
../../../../hardware/src/iob_knn.v
# set_property part $PART [current_project]
# synth_design -include_dirs $HW_INCLUDE -verilog_define $HW_DEFINE -part $PART -top $TOP -mode out_of_context -flatten_hierarchy none -verbose
Command: synth_design -include_dirs {../../../../hardware/include ../../../../submodules/LIB/hardware/include ../../../../submodules/INTERCON/hardware/include} -verilog_define DATA_W=32 -part xc7a35tcpg236-1 -top iob_knn -mode out_of_context -flatten_hierarchy none -verbose
Starting synth_design
Attempting to get a license for feature 'Synthesis' and/or device 'xc7a35t'
INFO: [Common 17-349] Got license for feature 'Synthesis' and/or device 'xc7a35t'
INFO: Launching helper process for spawning children vivado processes
INFO: Helper process launched with PID 2657 
---------------------------------------------------------------------------------
Starting Synthesize : Time (s): cpu = 00:00:11 ; elapsed = 00:00:14 . Memory (MB): peak = 1505.074 ; gain = 63.629 ; free physical = 4848 ; free virtual = 10324
---------------------------------------------------------------------------------
INFO: [Synth 8-6157] synthesizing module 'iob_knn' [/home/pedroazevedo/ecomp/iob-soc-knn-final/submodules/KNN/hardware/src/iob_knn.v:6]
	Parameter ADDR_W bound to: 3 - type: integer 
	Parameter DATA_W bound to: 32 - type: integer 
	Parameter WDATA_W bound to: 32 - type: integer 
INFO: [Synth 8-6157] synthesizing module 'knn_core' [/home/pedroazevedo/ecomp/iob-soc-knn-final/submodules/KNN/hardware/src/knn.v:4]
	Parameter DATA_W bound to: 32 - type: integer 
INFO: [Synth 8-6155] done synthesizing module 'knn_core' (1#1) [/home/pedroazevedo/ecomp/iob-soc-knn-final/submodules/KNN/hardware/src/knn.v:4]
WARNING: [Synth 8-3848] Net dummy in module/entity iob_knn does not have driver. [/home/pedroazevedo/ecomp/iob-soc-knn-final/submodules/KNN/hardware/include/KNNsw_reg.v:11]
INFO: [Synth 8-6155] done synthesizing module 'iob_knn' (2#1) [/home/pedroazevedo/ecomp/iob-soc-knn-final/submodules/KNN/hardware/src/iob_knn.v:6]
WARNING: [Synth 8-3331] design knn_core has unconnected port KNN_ENABLE[0]
WARNING: [Synth 8-3331] design knn_core has unconnected port clk[0]
WARNING: [Synth 8-3331] design knn_core has unconnected port rst[0]
WARNING: [Synth 8-3331] design iob_knn has unconnected port wdata[31]
WARNING: [Synth 8-3331] design iob_knn has unconnected port wdata[30]
WARNING: [Synth 8-3331] design iob_knn has unconnected port wdata[29]
WARNING: [Synth 8-3331] design iob_knn has unconnected port wdata[28]
WARNING: [Synth 8-3331] design iob_knn has unconnected port wdata[27]
WARNING: [Synth 8-3331] design iob_knn has unconnected port wdata[26]
WARNING: [Synth 8-3331] design iob_knn has unconnected port wdata[25]
WARNING: [Synth 8-3331] design iob_knn has unconnected port wdata[24]
WARNING: [Synth 8-3331] design iob_knn has unconnected port wdata[23]
WARNING: [Synth 8-3331] design iob_knn has unconnected port wdata[22]
WARNING: [Synth 8-3331] design iob_knn has unconnected port wdata[21]
WARNING: [Synth 8-3331] design iob_knn has unconnected port wdata[20]
WARNING: [Synth 8-3331] design iob_knn has unconnected port wdata[19]
WARNING: [Synth 8-3331] design iob_knn has unconnected port wdata[18]
WARNING: [Synth 8-3331] design iob_knn has unconnected port wdata[17]
WARNING: [Synth 8-3331] design iob_knn has unconnected port wdata[16]
---------------------------------------------------------------------------------
Finished Synthesize : Time (s): cpu = 00:00:15 ; elapsed = 00:00:19 . Memory (MB): peak = 1558.824 ; gain = 117.379 ; free physical = 4869 ; free virtual = 10347
---------------------------------------------------------------------------------
---------------------------------------------------------------------------------
Finished Constraint Validation : Time (s): cpu = 00:00:15 ; elapsed = 00:00:19 . Memory (MB): peak = 1564.762 ; gain = 123.316 ; free physical = 4868 ; free virtual = 10345
---------------------------------------------------------------------------------
---------------------------------------------------------------------------------
Start Loading Part and Timing Information
---------------------------------------------------------------------------------
Loading part: xc7a35tcpg236-1
---------------------------------------------------------------------------------
INFO: [Device 21-403] Loading part xc7a35tcpg236-1
Finished Loading Part and Timing Information : Time (s): cpu = 00:00:15 ; elapsed = 00:00:20 . Memory (MB): peak = 1572.766 ; gain = 131.320 ; free physical = 4866 ; free virtual = 10343
---------------------------------------------------------------------------------
---------------------------------------------------------------------------------
Finished RTL Optimization Phase 2 : Time (s): cpu = 00:00:16 ; elapsed = 00:00:20 . Memory (MB): peak = 1578.703 ; gain = 137.258 ; free physical = 4857 ; free virtual = 10336
---------------------------------------------------------------------------------

Report RTL Partitions: 
+-+--------------+------------+----------+
| |RTL Partition |Replication |Instances |
+-+--------------+------------+----------+
+-+--------------+------------+----------+
No constraint files found.
---------------------------------------------------------------------------------
Start RTL Component Statistics 
---------------------------------------------------------------------------------
Detailed RTL Component Info : 
+---Adders : 
	   3 Input     16 Bit       Adders := 2     
+---Registers : 
	               16 Bit    Registers := 4     
	                1 Bit    Registers := 3     
+---Muxes : 
	   2 Input     32 Bit        Muxes := 2     
---------------------------------------------------------------------------------
Finished RTL Component Statistics 
---------------------------------------------------------------------------------
---------------------------------------------------------------------------------
Start RTL Hierarchical Component Statistics 
---------------------------------------------------------------------------------
Hierarchical RTL Component detection 
Module iob_knn 
File: /home/pedroazevedo/ecomp/iob-soc-knn-final/submodules/KNN/hardware/src/iob_knn.v 
Found Register "ready_int_reg" of size 1-bit
Found Register "KNN_ENABLE_reg" of size 1-bit
Found Register "KNN_RESET_reg" of size 1-bit
Found Register "KNN_x1sw_reg" of size 16-bit
Found Register "KNN_x2sw_reg" of size 16-bit
Found Register "KNN_y1sw_reg" of size 16-bit
Found Register "KNN_y2sw_reg" of size 16-bit
Module knn_core 
File: /home/pedroazevedo/ecomp/iob-soc-knn-final/submodules/KNN/hardware/src/knn.v 
Found Adder "z2" of operand size {<const>, 16 Bit, 16 Bit} at Line:25
Found Adder "z2" of operand size {<const>, 16 Bit, 16 Bit} at Line:26
Hierarchical RTL Component report 
Module iob_knn 
Detailed RTL Component Info : 
+---Registers : 
	               16 Bit    Registers := 4     
	                1 Bit    Registers := 3     
+---Muxes : 
	   2 Input     32 Bit        Muxes := 2     
Module knn_core 
Detailed RTL Component Info : 
+---Adders : 
	   3 Input     16 Bit       Adders := 2     
---------------------------------------------------------------------------------
Finished RTL Hierarchical Component Statistics
---------------------------------------------------------------------------------
---------------------------------------------------------------------------------
Start Part Resource Summary
---------------------------------------------------------------------------------
Part Resources:
DSPs: 90 (col length:60)
BRAMs: 100 (col length: RAMB18 60 RAMB36 30)
---------------------------------------------------------------------------------
Finished Part Resource Summary
---------------------------------------------------------------------------------
No constraint files found.
---------------------------------------------------------------------------------
Start Cross Boundary and Area Optimization
---------------------------------------------------------------------------------
Warning: Parallel synthesis criteria is not met 
DSP Report: Generating DSP z1, operation Mode is: A*B.
DSP Report: operator z1 is absorbed into DSP z1.
DSP Report: Generating DSP z0, operation Mode is: PCIN+A*B.
DSP Report: operator z0 is absorbed into DSP z0.
DSP Report: operator z1 is absorbed into DSP z0.
WARNING: [Synth 8-3331] design knn_core has unconnected port KNN_ENABLE[0]
WARNING: [Synth 8-3331] design knn_core has unconnected port clk[0]
WARNING: [Synth 8-3331] design knn_core has unconnected port rst[0]
WARNING: [Synth 8-3331] design iob_knn has unconnected port wdata[31]
WARNING: [Synth 8-3331] design iob_knn has unconnected port wdata[30]
WARNING: [Synth 8-3331] design iob_knn has unconnected port wdata[29]
WARNING: [Synth 8-3331] design iob_knn has unconnected port wdata[28]
WARNING: [Synth 8-3331] design iob_knn has unconnected port wdata[27]
WARNING: [Synth 8-3331] design iob_knn has unconnected port wdata[26]
WARNING: [Synth 8-3331] design iob_knn has unconnected port wdata[25]
WARNING: [Synth 8-3331] design iob_knn has unconnected port wdata[24]
WARNING: [Synth 8-3331] design iob_knn has unconnected port wdata[23]
WARNING: [Synth 8-3331] design iob_knn has unconnected port wdata[22]
WARNING: [Synth 8-3331] design iob_knn has unconnected port wdata[21]
WARNING: [Synth 8-3331] design iob_knn has unconnected port wdata[20]
WARNING: [Synth 8-3331] design iob_knn has unconnected port wdata[19]
WARNING: [Synth 8-3331] design iob_knn has unconnected port wdata[18]
WARNING: [Synth 8-3331] design iob_knn has unconnected port wdata[17]
WARNING: [Synth 8-3331] design iob_knn has unconnected port wdata[16]
---------------------------------------------------------------------------------
Finished Cross Boundary and Area Optimization : Time (s): cpu = 00:00:25 ; elapsed = 00:00:32 . Memory (MB): peak = 1686.047 ; gain = 244.602 ; free physical = 4657 ; free virtual = 10156
---------------------------------------------------------------------------------
---------------------------------------------------------------------------------
Start ROM, RAM, DSP and Shift Register Reporting
---------------------------------------------------------------------------------

DSP: Preliminary Mapping  Report (see note below)
+------------+-------------+--------+--------+--------+--------+--------+------+------+------+------+-------+------+------+
|Module Name | DSP Mapping | A Size | B Size | C Size | D Size | P Size | AREG | BREG | CREG | DREG | ADREG | MREG | PREG | 
+------------+-------------+--------+--------+--------+--------+--------+------+------+------+------+-------+------+------+
|knn_core    | A*B         | 16     | 16     | -      | -      | 32     | 0    | 0    | -    | -    | -     | 0    | 0    | 
|knn_core    | PCIN+A*B    | 16     | 16     | -      | -      | 32     | 0    | 0    | -    | -    | -     | 0    | 0    | 
+------------+-------------+--------+--------+--------+--------+--------+------+------+------+------+-------+------+------+

Note: The table above is a preliminary report that shows the DSPs inferred at the current stage of the synthesis flow. Some DSP may be reimplemented as non DSP primitives later in the synthesis flow. Multiple instantiated DSPs are reported only once.
---------------------------------------------------------------------------------
Finished ROM, RAM, DSP and Shift Register Reporting
---------------------------------------------------------------------------------

Report RTL Partitions: 
+-+--------------+------------+----------+
| |RTL Partition |Replication |Instances |
+-+--------------+------------+----------+
+-+--------------+------------+----------+
No constraint files found.
---------------------------------------------------------------------------------
Start Timing Optimization
---------------------------------------------------------------------------------
---------------------------------------------------------------------------------
Finished Timing Optimization : Time (s): cpu = 00:00:26 ; elapsed = 00:00:32 . Memory (MB): peak = 1686.047 ; gain = 244.602 ; free physical = 4655 ; free virtual = 10155
---------------------------------------------------------------------------------

Report RTL Partitions: 
+-+--------------+------------+----------+
| |RTL Partition |Replication |Instances |
+-+--------------+------------+----------+
+-+--------------+------------+----------+
---------------------------------------------------------------------------------
Start Technology Mapping
---------------------------------------------------------------------------------
---------------------------------------------------------------------------------
Finished Technology Mapping : Time (s): cpu = 00:00:26 ; elapsed = 00:00:32 . Memory (MB): peak = 1686.047 ; gain = 244.602 ; free physical = 4655 ; free virtual = 10155
---------------------------------------------------------------------------------

Report RTL Partitions: 
+-+--------------+------------+----------+
| |RTL Partition |Replication |Instances |
+-+--------------+------------+----------+
+-+--------------+------------+----------+
---------------------------------------------------------------------------------
Start IO Insertion
---------------------------------------------------------------------------------
---------------------------------------------------------------------------------
Start Final Netlist Cleanup
---------------------------------------------------------------------------------
---------------------------------------------------------------------------------
Finished Final Netlist Cleanup
---------------------------------------------------------------------------------
---------------------------------------------------------------------------------
Finished IO Insertion : Time (s): cpu = 00:00:32 ; elapsed = 00:00:38 . Memory (MB): peak = 1686.047 ; gain = 244.602 ; free physical = 4655 ; free virtual = 10155
---------------------------------------------------------------------------------

Report Check Netlist: 
+------+------------------+-------+---------+-------+------------------+
|      |Item              |Errors |Warnings |Status |Description       |
+------+------------------+-------+---------+-------+------------------+
|1     |multi_driven_nets |      0|        0|Passed |Multi driven nets |
+------+------------------+-------+---------+-------+------------------+
---------------------------------------------------------------------------------
Start Renaming Generated Instances
---------------------------------------------------------------------------------
---------------------------------------------------------------------------------
Finished Renaming Generated Instances : Time (s): cpu = 00:00:32 ; elapsed = 00:00:38 . Memory (MB): peak = 1686.047 ; gain = 244.602 ; free physical = 4655 ; free virtual = 10155
---------------------------------------------------------------------------------

Report RTL Partitions: 
+-+--------------+------------+----------+
| |RTL Partition |Replication |Instances |
+-+--------------+------------+----------+
+-+--------------+------------+----------+
---------------------------------------------------------------------------------
Start Handling Custom Attributes
---------------------------------------------------------------------------------
---------------------------------------------------------------------------------
Finished Handling Custom Attributes : Time (s): cpu = 00:00:32 ; elapsed = 00:00:38 . Memory (MB): peak = 1686.047 ; gain = 244.602 ; free physical = 4655 ; free virtual = 10155
---------------------------------------------------------------------------------
---------------------------------------------------------------------------------
Start Writing Synthesis Report
---------------------------------------------------------------------------------

Report BlackBoxes: 
+-+--------------+----------+
| |BlackBox name |Instances |
+-+--------------+----------+
+-+--------------+----------+

Report Cell Usage: 
+------+--------+------+
|      |Cell    |Count |
+------+--------+------+
|1     |CARRY4  |     8|
|2     |DSP48E1 |     2|
|3     |LUT2    |    32|
|4     |LUT4    |    32|
|5     |LUT5    |     4|
|6     |FDCE    |    65|
+------+--------+------+

Report Instance Areas: 
+------+---------+---------+------+
|      |Instance |Module   |Cells |
+------+---------+---------+------+
|1     |top      |         |   143|
|2     |  knn0   |knn_core |    42|
+------+---------+---------+------+
---------------------------------------------------------------------------------
Finished Writing Synthesis Report : Time (s): cpu = 00:00:32 ; elapsed = 00:00:38 . Memory (MB): peak = 1686.047 ; gain = 244.602 ; free physical = 4655 ; free virtual = 10155
---------------------------------------------------------------------------------
Synthesis finished with 0 errors, 0 critical warnings and 39 warnings.
Synthesis Optimization Runtime : Time (s): cpu = 00:00:32 ; elapsed = 00:00:38 . Memory (MB): peak = 1686.047 ; gain = 244.602 ; free physical = 4657 ; free virtual = 10157
Synthesis Optimization Complete : Time (s): cpu = 00:00:32 ; elapsed = 00:00:38 . Memory (MB): peak = 1686.055 ; gain = 244.602 ; free physical = 4657 ; free virtual = 10156
INFO: [Project 1-571] Translating synthesized netlist
INFO: [Netlist 29-17] Analyzing 10 Unisim elements for replacement
INFO: [Netlist 29-28] Unisim Transformation completed in 0 CPU seconds
INFO: [Project 1-570] Preparing netlist for logic optimization
INFO: [Opt 31-138] Pushed 0 inverter(s) to 0 load pin(s).
Netlist sorting complete. Time (s): cpu = 00:00:00 ; elapsed = 00:00:00 . Memory (MB): peak = 1775.609 ; gain = 0.000 ; free physical = 4564 ; free virtual = 10078
INFO: [Project 1-111] Unisim Transformation Summary:
No Unisim elements were transformed.

INFO: [Common 17-83] Releasing license: Synthesis
13 Infos, 39 Warnings, 0 Critical Warnings and 0 Errors encountered.
synth_design completed successfully
synth_design: Time (s): cpu = 00:00:39 ; elapsed = 00:00:46 . Memory (MB): peak = 1775.609 ; gain = 334.254 ; free physical = 4664 ; free virtual = 10178
# read_xdc ../knn.xdc
Parsing XDC File [/home/pedroazevedo/ecomp/iob-soc-knn-final/submodules/KNN/hardware/fpga/vivado/knn.xdc]
Finished Parsing XDC File [/home/pedroazevedo/ecomp/iob-soc-knn-final/submodules/KNN/hardware/fpga/vivado/knn.xdc]
# opt_design
Command: opt_design
Attempting to get a license for feature 'Implementation' and/or device 'xc7a35t'
INFO: [Common 17-349] Got license for feature 'Implementation' and/or device 'xc7a35t'
Running DRC as a precondition to command opt_design

Starting DRC Task
INFO: [DRC 23-27] Running DRC with 2 threads
INFO: [Project 1-461] DRC finished with 0 Errors
INFO: [Project 1-462] Please refer to the DRC report (report_drc) for more information.

Time (s): cpu = 00:00:04 ; elapsed = 00:00:04 . Memory (MB): peak = 1791.617 ; gain = 16.008 ; free physical = 4653 ; free virtual = 10169

Starting Cache Timing Information Task
INFO: [Timing 38-35] Done setting XDC timing constraints.
Ending Cache Timing Information Task | Checksum: b75d067a

Time (s): cpu = 00:00:27 ; elapsed = 00:00:29 . Memory (MB): peak = 2098.586 ; gain = 306.969 ; free physical = 4257 ; free virtual = 9796

Starting Logic Optimization Task

Phase 1 Retarget
INFO: [Opt 31-138] Pushed 0 inverter(s) to 0 load pin(s).
INFO: [Opt 31-49] Retargeted 0 cell(s).
Phase 1 Retarget | Checksum: b75d067a

Time (s): cpu = 00:00:00.08 ; elapsed = 00:00:00.14 . Memory (MB): peak = 2191.586 ; gain = 0.000 ; free physical = 4155 ; free virtual = 9694
INFO: [Opt 31-389] Phase Retarget created 0 cells and removed 0 cells

Phase 2 Constant propagation
INFO: [Opt 31-138] Pushed 0 inverter(s) to 0 load pin(s).
Phase 2 Constant propagation | Checksum: b75d067a

Time (s): cpu = 00:00:00.09 ; elapsed = 00:00:00.16 . Memory (MB): peak = 2191.586 ; gain = 0.000 ; free physical = 4155 ; free virtual = 9694
INFO: [Opt 31-389] Phase Constant propagation created 0 cells and removed 0 cells

Phase 3 Sweep
Phase 3 Sweep | Checksum: e5d66216

Time (s): cpu = 00:00:00.13 ; elapsed = 00:00:00.24 . Memory (MB): peak = 2191.586 ; gain = 0.000 ; free physical = 4155 ; free virtual = 9694
INFO: [Opt 31-389] Phase Sweep created 0 cells and removed 0 cells

Phase 4 BUFG optimization
Phase 4 BUFG optimization | Checksum: e5d66216

Time (s): cpu = 00:00:00.14 ; elapsed = 00:00:00.25 . Memory (MB): peak = 2191.586 ; gain = 0.000 ; free physical = 4155 ; free virtual = 9694
INFO: [Opt 31-662] Phase BUFG optimization created 0 cells of which 0 are BUFGs and removed 0 cells.

Phase 5 Shift Register Optimization
INFO: [Opt 31-1064] SRL Remap converted 0 SRLs to 0 registers and converted 0 registers of register chains to 0 SRLs
Phase 5 Shift Register Optimization | Checksum: e5d66216

Time (s): cpu = 00:00:00.15 ; elapsed = 00:00:00.26 . Memory (MB): peak = 2191.586 ; gain = 0.000 ; free physical = 4155 ; free virtual = 9694
INFO: [Opt 31-389] Phase Shift Register Optimization created 0 cells and removed 0 cells

Phase 6 Post Processing Netlist
Phase 6 Post Processing Netlist | Checksum: e5d66216

Time (s): cpu = 00:00:00.16 ; elapsed = 00:00:00.26 . Memory (MB): peak = 2191.586 ; gain = 0.000 ; free physical = 4155 ; free virtual = 9694
INFO: [Opt 31-389] Phase Post Processing Netlist created 0 cells and removed 0 cells
Opt_design Change Summary
=========================


-------------------------------------------------------------------------------------------------------------------------
|  Phase                        |  #Cells created  |  #Cells Removed  |  #Constrained objects preventing optimizations  |
-------------------------------------------------------------------------------------------------------------------------
|  Retarget                     |               0  |               0  |                                              0  |
|  Constant propagation         |               0  |               0  |                                              0  |
|  Sweep                        |               0  |               0  |                                              0  |
|  BUFG optimization            |               0  |               0  |                                              0  |
|  Shift Register Optimization  |               0  |               0  |                                              0  |
|  Post Processing Netlist      |               0  |               0  |                                              0  |
-------------------------------------------------------------------------------------------------------------------------



Starting Connectivity Check Task

Time (s): cpu = 00:00:00 ; elapsed = 00:00:00 . Memory (MB): peak = 2191.586 ; gain = 0.000 ; free physical = 4155 ; free virtual = 9694
Ending Logic Optimization Task | Checksum: 187091761

Time (s): cpu = 00:00:00.18 ; elapsed = 00:00:00.30 . Memory (MB): peak = 2191.586 ; gain = 0.000 ; free physical = 4155 ; free virtual = 9694

Starting Power Optimization Task
INFO: [Pwropt 34-132] Skipping clock gating for clocks with a period < 2.00 ns.
Ending Power Optimization Task | Checksum: 187091761

Time (s): cpu = 00:00:00.02 ; elapsed = 00:00:00.10 . Memory (MB): peak = 2191.586 ; gain = 0.000 ; free physical = 4154 ; free virtual = 9694

Starting Final Cleanup Task
Ending Final Cleanup Task | Checksum: 187091761

Time (s): cpu = 00:00:00 ; elapsed = 00:00:00 . Memory (MB): peak = 2191.586 ; gain = 0.000 ; free physical = 4154 ; free virtual = 9694

Starting Netlist Obfuscation Task
Netlist sorting complete. Time (s): cpu = 00:00:00 ; elapsed = 00:00:00 . Memory (MB): peak = 2191.586 ; gain = 0.000 ; free physical = 4154 ; free virtual = 9694
Ending Netlist Obfuscation Task | Checksum: 187091761

Time (s): cpu = 00:00:00 ; elapsed = 00:00:00 . Memory (MB): peak = 2191.586 ; gain = 0.000 ; free physical = 4154 ; free virtual = 9694
INFO: [Common 17-83] Releasing license: Implementation
17 Infos, 0 Warnings, 0 Critical Warnings and 0 Errors encountered.
opt_design completed successfully
opt_design: Time (s): cpu = 00:00:37 ; elapsed = 00:00:39 . Memory (MB): peak = 2191.586 ; gain = 415.977 ; free physical = 4154 ; free virtual = 9694
# place_design
Command: place_design
Attempting to get a license for feature 'Implementation' and/or device 'xc7a35t'
INFO: [Common 17-349] Got license for feature 'Implementation' and/or device 'xc7a35t'
INFO: [DRC 23-27] Running DRC with 2 threads
INFO: [Vivado_Tcl 4-198] DRC finished with 0 Errors
INFO: [Vivado_Tcl 4-199] Please refer to the DRC report (report_drc) for more information.
Running DRC as a precondition to command place_design
INFO: [DRC 23-27] Running DRC with 2 threads
INFO: [Vivado_Tcl 4-198] DRC finished with 0 Errors
INFO: [Vivado_Tcl 4-199] Please refer to the DRC report (report_drc) for more information.

Starting Placer Task
INFO: [Place 30-611] Multithreading enabled for place_design using a maximum of 2 CPUs

Phase 1 Placer Initialization

Phase 1.1 Placer Initialization Netlist Sorting
Netlist sorting complete. Time (s): cpu = 00:00:00 ; elapsed = 00:00:00 . Memory (MB): peak = 2210.562 ; gain = 0.000 ; free physical = 4151 ; free virtual = 9691
Phase 1.1 Placer Initialization Netlist Sorting | Checksum: ff50b102

Time (s): cpu = 00:00:00.02 ; elapsed = 00:00:00.06 . Memory (MB): peak = 2210.562 ; gain = 0.000 ; free physical = 4151 ; free virtual = 9691
Netlist sorting complete. Time (s): cpu = 00:00:00 ; elapsed = 00:00:00 . Memory (MB): peak = 2210.562 ; gain = 0.000 ; free physical = 4151 ; free virtual = 9691

Phase 1.2 IO Placement/ Clock Placement/ Build Placer Device
INFO: [Timing 38-35] Done setting XDC timing constraints.
Phase 1.2 IO Placement/ Clock Placement/ Build Placer Device | Checksum: ff50b102

Time (s): cpu = 00:00:01 ; elapsed = 00:00:02 . Memory (MB): peak = 2210.562 ; gain = 0.000 ; free physical = 4145 ; free virtual = 9685

Phase 1.3 Build Placer Netlist Model
Phase 1.3 Build Placer Netlist Model | Checksum: 13860ad8f

Time (s): cpu = 00:00:02 ; elapsed = 00:00:02 . Memory (MB): peak = 2218.566 ; gain = 8.004 ; free physical = 4145 ; free virtual = 9687

Phase 1.4 Constrain Clocks/Macros
Phase 1.4 Constrain Clocks/Macros | Checksum: 13860ad8f

Time (s): cpu = 00:00:02 ; elapsed = 00:00:02 . Memory (MB): peak = 2218.566 ; gain = 8.004 ; free physical = 4145 ; free virtual = 9687
Phase 1 Placer Initialization | Checksum: 13860ad8f

Time (s): cpu = 00:00:02 ; elapsed = 00:00:02 . Memory (MB): peak = 2218.566 ; gain = 8.004 ; free physical = 4146 ; free virtual = 9687

Phase 2 Global Placement

Phase 2.1 Floorplanning
Phase 2.1 Floorplanning | Checksum: 13860ad8f

Time (s): cpu = 00:00:02 ; elapsed = 00:00:02 . Memory (MB): peak = 2218.566 ; gain = 8.004 ; free physical = 4145 ; free virtual = 9687

Phase 2.2 Global Placement Core
WARNING: [Place 46-29] place_design is not in timing mode. Skip physical synthesis in placer
Phase 2.2 Global Placement Core | Checksum: 2941ff0ca

Time (s): cpu = 00:00:05 ; elapsed = 00:00:05 . Memory (MB): peak = 2234.574 ; gain = 24.012 ; free physical = 4139 ; free virtual = 9682
Phase 2 Global Placement | Checksum: 2941ff0ca

Time (s): cpu = 00:00:05 ; elapsed = 00:00:05 . Memory (MB): peak = 2234.574 ; gain = 24.012 ; free physical = 4139 ; free virtual = 9682

Phase 3 Detail Placement

Phase 3.1 Commit Multi Column Macros
Phase 3.1 Commit Multi Column Macros | Checksum: 2941ff0ca

Time (s): cpu = 00:00:05 ; elapsed = 00:00:05 . Memory (MB): peak = 2234.574 ; gain = 24.012 ; free physical = 4139 ; free virtual = 9682

Phase 3.2 Commit Most Macros & LUTRAMs
Phase 3.2 Commit Most Macros & LUTRAMs | Checksum: 1f007be9c

Time (s): cpu = 00:00:05 ; elapsed = 00:00:05 . Memory (MB): peak = 2234.574 ; gain = 24.012 ; free physical = 4139 ; free virtual = 9682

Phase 3.3 Area Swap Optimization
Phase 3.3 Area Swap Optimization | Checksum: 21dc89138

Time (s): cpu = 00:00:05 ; elapsed = 00:00:05 . Memory (MB): peak = 2234.574 ; gain = 24.012 ; free physical = 4139 ; free virtual = 9682

Phase 3.4 Pipeline Register Optimization
Phase 3.4 Pipeline Register Optimization | Checksum: 21dc89138

Time (s): cpu = 00:00:05 ; elapsed = 00:00:05 . Memory (MB): peak = 2234.574 ; gain = 24.012 ; free physical = 4139 ; free virtual = 9682

Phase 3.5 Small Shape Detail Placement
Phase 3.5 Small Shape Detail Placement | Checksum: 213f5bd3e

Time (s): cpu = 00:00:06 ; elapsed = 00:00:05 . Memory (MB): peak = 2235.578 ; gain = 25.016 ; free physical = 4137 ; free virtual = 9680

Phase 3.6 Re-assign LUT pins
Phase 3.6 Re-assign LUT pins | Checksum: 213f5bd3e

Time (s): cpu = 00:00:06 ; elapsed = 00:00:05 . Memory (MB): peak = 2235.578 ; gain = 25.016 ; free physical = 4137 ; free virtual = 9680

Phase 3.7 Pipeline Register Optimization
Phase 3.7 Pipeline Register Optimization | Checksum: 213f5bd3e

Time (s): cpu = 00:00:06 ; elapsed = 00:00:05 . Memory (MB): peak = 2235.578 ; gain = 25.016 ; free physical = 4137 ; free virtual = 9680
Phase 3 Detail Placement | Checksum: 213f5bd3e

Time (s): cpu = 00:00:06 ; elapsed = 00:00:05 . Memory (MB): peak = 2235.578 ; gain = 25.016 ; free physical = 4137 ; free virtual = 9680

Phase 4 Post Placement Optimization and Clean-Up

Phase 4.1 Post Commit Optimization
Phase 4.1 Post Commit Optimization | Checksum: 213f5bd3e

Time (s): cpu = 00:00:06 ; elapsed = 00:00:05 . Memory (MB): peak = 2235.578 ; gain = 25.016 ; free physical = 4137 ; free virtual = 9680

Phase 4.2 Post Placement Cleanup
Phase 4.2 Post Placement Cleanup | Checksum: 213f5bd3e

Time (s): cpu = 00:00:06 ; elapsed = 00:00:05 . Memory (MB): peak = 2235.578 ; gain = 25.016 ; free physical = 4138 ; free virtual = 9681

Phase 4.3 Placer Reporting
Phase 4.3 Placer Reporting | Checksum: 213f5bd3e

Time (s): cpu = 00:00:06 ; elapsed = 00:00:05 . Memory (MB): peak = 2235.578 ; gain = 25.016 ; free physical = 4138 ; free virtual = 9681

Phase 4.4 Final Placement Cleanup
Netlist sorting complete. Time (s): cpu = 00:00:00 ; elapsed = 00:00:00 . Memory (MB): peak = 2235.578 ; gain = 0.000 ; free physical = 4138 ; free virtual = 9681
Phase 4.4 Final Placement Cleanup | Checksum: 213f5bd3e

Time (s): cpu = 00:00:06 ; elapsed = 00:00:05 . Memory (MB): peak = 2235.578 ; gain = 25.016 ; free physical = 4138 ; free virtual = 9681
Phase 4 Post Placement Optimization and Clean-Up | Checksum: 213f5bd3e

Time (s): cpu = 00:00:06 ; elapsed = 00:00:05 . Memory (MB): peak = 2235.578 ; gain = 25.016 ; free physical = 4138 ; free virtual = 9681
Ending Placer Task | Checksum: 1ae21c9bb

Time (s): cpu = 00:00:06 ; elapsed = 00:00:05 . Memory (MB): peak = 2235.578 ; gain = 25.016 ; free physical = 4138 ; free virtual = 9681
INFO: [Common 17-83] Releasing license: Implementation
10 Infos, 1 Warnings, 0 Critical Warnings and 0 Errors encountered.
place_design completed successfully
place_design: Time (s): cpu = 00:00:10 ; elapsed = 00:00:09 . Memory (MB): peak = 2235.578 ; gain = 43.992 ; free physical = 4142 ; free virtual = 9686
# route_design
Command: route_design
Attempting to get a license for feature 'Implementation' and/or device 'xc7a35t'
INFO: [Common 17-349] Got license for feature 'Implementation' and/or device 'xc7a35t'
Running DRC as a precondition to command route_design
INFO: [DRC 23-27] Running DRC with 2 threads
INFO: [Vivado_Tcl 4-198] DRC finished with 0 Errors
INFO: [Vivado_Tcl 4-199] Please refer to the DRC report (report_drc) for more information.


Starting Routing Task
INFO: [Route 35-254] Multithreading enabled for route_design using a maximum of 2 CPUs
Checksum: PlaceDB: aed118b9 ConstDB: 0 ShapeSum: ff50b102 RouteDB: 0

Phase 1 Build RT Design
WARNING: [Route 35-197] Clock port "clk[0]" does not have an associated HD.CLK_SRC. Without this constraint, timing analysis may not be accurate and upstream checks cannot be done to ensure correct clock placement.
WARNING: [Route 35-198] Port "rst[0]" does not have an associated HD.PARTPIN_LOCS, which will prevent the partial routing of the signal "rst[0]". Without this partial route, timing analysis to/from this port will not be accurate, and no routing information for this port can be exported.
WARNING: [Route 35-198] Port "valid[0]" does not have an associated HD.PARTPIN_LOCS, which will prevent the partial routing of the signal "valid[0]". Without this partial route, timing analysis to/from this port will not be accurate, and no routing information for this port can be exported.
WARNING: [Route 35-198] Port "wstrb[0]" does not have an associated HD.PARTPIN_LOCS, which will prevent the partial routing of the signal "wstrb[0]". Without this partial route, timing analysis to/from this port will not be accurate, and no routing information for this port can be exported.
WARNING: [Route 35-198] Port "address[1]" does not have an associated HD.PARTPIN_LOCS, which will prevent the partial routing of the signal "address[1]". Without this partial route, timing analysis to/from this port will not be accurate, and no routing information for this port can be exported.
WARNING: [Route 35-198] Port "address[0]" does not have an associated HD.PARTPIN_LOCS, which will prevent the partial routing of the signal "address[0]". Without this partial route, timing analysis to/from this port will not be accurate, and no routing information for this port can be exported.
WARNING: [Route 35-198] Port "address[2]" does not have an associated HD.PARTPIN_LOCS, which will prevent the partial routing of the signal "address[2]". Without this partial route, timing analysis to/from this port will not be accurate, and no routing information for this port can be exported.
WARNING: [Route 35-198] Port "wdata[4]" does not have an associated HD.PARTPIN_LOCS, which will prevent the partial routing of the signal "wdata[4]". Without this partial route, timing analysis to/from this port will not be accurate, and no routing information for this port can be exported.
WARNING: [Route 35-198] Port "wdata[5]" does not have an associated HD.PARTPIN_LOCS, which will prevent the partial routing of the signal "wdata[5]". Without this partial route, timing analysis to/from this port will not be accurate, and no routing information for this port can be exported.
WARNING: [Route 35-198] Port "wdata[6]" does not have an associated HD.PARTPIN_LOCS, which will prevent the partial routing of the signal "wdata[6]". Without this partial route, timing analysis to/from this port will not be accurate, and no routing information for this port can be exported.
WARNING: [Route 35-198] Port "wdata[7]" does not have an associated HD.PARTPIN_LOCS, which will prevent the partial routing of the signal "wdata[7]". Without this partial route, timing analysis to/from this port will not be accurate, and no routing information for this port can be exported.
WARNING: [Route 35-198] Port "wdata[10]" does not have an associated HD.PARTPIN_LOCS, which will prevent the partial routing of the signal "wdata[10]". Without this partial route, timing analysis to/from this port will not be accurate, and no routing information for this port can be exported.
WARNING: [Route 35-198] Port "wdata[11]" does not have an associated HD.PARTPIN_LOCS, which will prevent the partial routing of the signal "wdata[11]". Without this partial route, timing analysis to/from this port will not be accurate, and no routing information for this port can be exported.
WARNING: [Route 35-198] Port "wdata[12]" does not have an associated HD.PARTPIN_LOCS, which will prevent the partial routing of the signal "wdata[12]". Without this partial route, timing analysis to/from this port will not be accurate, and no routing information for this port can be exported.
WARNING: [Route 35-198] Port "wdata[13]" does not have an associated HD.PARTPIN_LOCS, which will prevent the partial routing of the signal "wdata[13]". Without this partial route, timing analysis to/from this port will not be accurate, and no routing information for this port can be exported.
WARNING: [Route 35-198] Port "wdata[14]" does not have an associated HD.PARTPIN_LOCS, which will prevent the partial routing of the signal "wdata[14]". Without this partial route, timing analysis to/from this port will not be accurate, and no routing information for this port can be exported.
WARNING: [Route 35-198] Port "wdata[15]" does not have an associated HD.PARTPIN_LOCS, which will prevent the partial routing of the signal "wdata[15]". Without this partial route, timing analysis to/from this port will not be accurate, and no routing information for this port can be exported.
WARNING: [Route 35-198] Port "wdata[8]" does not have an associated HD.PARTPIN_LOCS, which will prevent the partial routing of the signal "wdata[8]". Without this partial route, timing analysis to/from this port will not be accurate, and no routing information for this port can be exported.
WARNING: [Route 35-198] Port "wdata[9]" does not have an associated HD.PARTPIN_LOCS, which will prevent the partial routing of the signal "wdata[9]". Without this partial route, timing analysis to/from this port will not be accurate, and no routing information for this port can be exported.
WARNING: [Route 35-198] Port "wdata[0]" does not have an associated HD.PARTPIN_LOCS, which will prevent the partial routing of the signal "wdata[0]". Without this partial route, timing analysis to/from this port will not be accurate, and no routing information for this port can be exported.
WARNING: [Route 35-198] Port "wdata[1]" does not have an associated HD.PARTPIN_LOCS, which will prevent the partial routing of the signal "wdata[1]". Without this partial route, timing analysis to/from this port will not be accurate, and no routing information for this port can be exported.
WARNING: [Route 35-198] Port "wdata[2]" does not have an associated HD.PARTPIN_LOCS, which will prevent the partial routing of the signal "wdata[2]". Without this partial route, timing analysis to/from this port will not be accurate, and no routing information for this port can be exported.
WARNING: [Route 35-198] Port "wdata[3]" does not have an associated HD.PARTPIN_LOCS, which will prevent the partial routing of the signal "wdata[3]". Without this partial route, timing analysis to/from this port will not be accurate, and no routing information for this port can be exported.
Phase 1 Build RT Design | Checksum: 85637b0f

Time (s): cpu = 00:00:52 ; elapsed = 00:00:50 . Memory (MB): peak = 2322.449 ; gain = 77.965 ; free physical = 4029 ; free virtual = 9573
Post Restoration Checksum: NetGraph: 4c79f838 NumContArr: 38e982d7 Constraints: 0 Timing: 0

Phase 2 Router Initialization

Phase 2.1 Create Timer
INFO: [Timing 38-35] Done setting XDC timing constraints.
Phase 2.1 Create Timer | Checksum: 85637b0f

Time (s): cpu = 00:00:52 ; elapsed = 00:00:50 . Memory (MB): peak = 2363.164 ; gain = 118.680 ; free physical = 4020 ; free virtual = 9565

Phase 2.2 Fix Topology Constraints
Phase 2.2 Fix Topology Constraints | Checksum: 85637b0f

Time (s): cpu = 00:00:52 ; elapsed = 00:00:50 . Memory (MB): peak = 2363.164 ; gain = 118.680 ; free physical = 4012 ; free virtual = 9557

Phase 2.3 Pre Route Cleanup
Phase 2.3 Pre Route Cleanup | Checksum: 85637b0f

Time (s): cpu = 00:00:52 ; elapsed = 00:00:50 . Memory (MB): peak = 2363.164 ; gain = 118.680 ; free physical = 4012 ; free virtual = 9557
 Number of Nodes with overlaps = 0

Phase 2.4 Update Timing
Phase 2.4 Update Timing | Checksum: 103a68b4c

Time (s): cpu = 00:00:53 ; elapsed = 00:00:51 . Memory (MB): peak = 2363.164 ; gain = 118.680 ; free physical = 4011 ; free virtual = 9555
Phase 2 Router Initialization | Checksum: 103a68b4c

Time (s): cpu = 00:00:53 ; elapsed = 00:00:51 . Memory (MB): peak = 2363.164 ; gain = 118.680 ; free physical = 4010 ; free virtual = 9555

Router Utilization Summary
  Global Vertical Routing Utilization    = 0 %
  Global Horizontal Routing Utilization  = 0 %
  Routable Net Status*
  *Does not include unroutable nets such as driverless and loadless.
  Run report_route_status for detailed report.
  Number of Failed Nets               = 186
    (Failed Nets is the sum of unrouted and partially routed nets)
  Number of Unrouted Nets             = 186
  Number of Partially Routed Nets     = 0
  Number of Node Overlaps             = 0


Phase 3 Initial Routing
Phase 3 Initial Routing | Checksum: cf5e4536

Time (s): cpu = 00:00:53 ; elapsed = 00:00:51 . Memory (MB): peak = 2364.168 ; gain = 119.684 ; free physical = 4008 ; free virtual = 9553

Phase 4 Rip-up And Reroute

Phase 4.1 Global Iteration 0
 Number of Nodes with overlaps = 1
 Number of Nodes with overlaps = 0
Phase 4.1 Global Iteration 0 | Checksum: eca0c487

Time (s): cpu = 00:00:54 ; elapsed = 00:00:52 . Memory (MB): peak = 2364.168 ; gain = 119.684 ; free physical = 4007 ; free virtual = 9552
Phase 4 Rip-up And Reroute | Checksum: eca0c487

Time (s): cpu = 00:00:54 ; elapsed = 00:00:52 . Memory (MB): peak = 2364.168 ; gain = 119.684 ; free physical = 4007 ; free virtual = 9552

Phase 5 Delay and Skew Optimization

Phase 5.1 Delay CleanUp
Phase 5.1 Delay CleanUp | Checksum: eca0c487

Time (s): cpu = 00:00:54 ; elapsed = 00:00:52 . Memory (MB): peak = 2364.168 ; gain = 119.684 ; free physical = 4007 ; free virtual = 9552

Phase 5.2 Clock Skew Optimization
Phase 5.2 Clock Skew Optimization | Checksum: eca0c487

Time (s): cpu = 00:00:54 ; elapsed = 00:00:52 . Memory (MB): peak = 2364.168 ; gain = 119.684 ; free physical = 4007 ; free virtual = 9552
Phase 5 Delay and Skew Optimization | Checksum: eca0c487

Time (s): cpu = 00:00:54 ; elapsed = 00:00:52 . Memory (MB): peak = 2364.168 ; gain = 119.684 ; free physical = 4007 ; free virtual = 9552

Phase 6 Post Hold Fix

Phase 6.1 Hold Fix Iter

Phase 6.1.1 Update Timing
Phase 6.1.1 Update Timing | Checksum: eca0c487

Time (s): cpu = 00:00:54 ; elapsed = 00:00:52 . Memory (MB): peak = 2364.168 ; gain = 119.684 ; free physical = 4007 ; free virtual = 9552
Phase 6.1 Hold Fix Iter | Checksum: eca0c487

Time (s): cpu = 00:00:54 ; elapsed = 00:00:52 . Memory (MB): peak = 2364.168 ; gain = 119.684 ; free physical = 4007 ; free virtual = 9552
Phase 6 Post Hold Fix | Checksum: eca0c487

Time (s): cpu = 00:00:54 ; elapsed = 00:00:52 . Memory (MB): peak = 2364.168 ; gain = 119.684 ; free physical = 4007 ; free virtual = 9552

Phase 7 Route finalize

Router Utilization Summary
  Global Vertical Routing Utilization    = 0.010763 %
  Global Horizontal Routing Utilization  = 0.0170484 %
  Routable Net Status*
  *Does not include unroutable nets such as driverless and loadless.
  Run report_route_status for detailed report.
  Number of Failed Nets               = 0
    (Failed Nets is the sum of unrouted and partially routed nets)
  Number of Unrouted Nets             = 0
  Number of Partially Routed Nets     = 0
  Number of Node Overlaps             = 0

Phase 7 Route finalize | Checksum: eca0c487

Time (s): cpu = 00:00:54 ; elapsed = 00:00:52 . Memory (MB): peak = 2364.168 ; gain = 119.684 ; free physical = 4007 ; free virtual = 9552

Phase 8 Verifying routed nets

 Verification completed successfully
Phase 8 Verifying routed nets | Checksum: eca0c487

Time (s): cpu = 00:00:54 ; elapsed = 00:00:52 . Memory (MB): peak = 2364.168 ; gain = 119.684 ; free physical = 4007 ; free virtual = 9552

Phase 9 Depositing Routes
Phase 9 Depositing Routes | Checksum: ed7603fc

Time (s): cpu = 00:00:54 ; elapsed = 00:00:52 . Memory (MB): peak = 2364.168 ; gain = 119.684 ; free physical = 4007 ; free virtual = 9552

Phase 10 Post Router Timing
Phase 10 Post Router Timing | Checksum: ed7603fc

Time (s): cpu = 00:00:54 ; elapsed = 00:00:52 . Memory (MB): peak = 2364.168 ; gain = 119.684 ; free physical = 4008 ; free virtual = 9552
INFO: [Route 35-16] Router Completed Successfully

Time (s): cpu = 00:00:54 ; elapsed = 00:00:52 . Memory (MB): peak = 2364.168 ; gain = 119.684 ; free physical = 4016 ; free virtual = 9561

Routing Is Done.
INFO: [Common 17-83] Releasing license: Implementation
8 Infos, 23 Warnings, 0 Critical Warnings and 0 Errors encountered.
route_design completed successfully
route_design: Time (s): cpu = 00:00:59 ; elapsed = 00:00:56 . Memory (MB): peak = 2364.168 ; gain = 128.590 ; free physical = 4016 ; free virtual = 9561
INFO: [Common 17-600] The following parameters have non-default value.
general.maxThreads
# report_utilization
Copyright 1986-2019 Xilinx, Inc. All Rights Reserved.
------------------------------------------------------------------------------------
| Tool Version : Vivado v.2019.1 (lin64) Build 2552052 Fri May 24 14:47:09 MDT 2019
| Date         : Sat Jan  2 23:12:32 2021
| Host         : pedroazevedo-VirtualBox running 64-bit Ubuntu 18.04.5 LTS
| Command      : report_utilization
| Design       : iob_knn
| Device       : 7a35tcpg236-1
| Design State : Fully Placed
------------------------------------------------------------------------------------

Utilization Design Information

Table of Contents
-----------------
1. Slice Logic
1.1 Summary of Registers by Type
2. Slice Logic Distribution
3. Memory
4. DSP
5. IO and GT Specific
6. Clocking
7. Specific Feature
8. Primitives
9. Black Boxes
10. Instantiated Netlists

1. Slice Logic
--------------

+-------------------------+------+-------+-----------+-------+
|        Site Type        | Used | Fixed | Available | Util% |
+-------------------------+------+-------+-----------+-------+
| Slice LUTs              |   68 |     0 |     20800 |  0.33 |
|   LUT as Logic          |   68 |     0 |     20800 |  0.33 |
|   LUT as Memory         |    0 |     0 |      9600 |  0.00 |
| Slice Registers         |   65 |     0 |     41600 |  0.16 |
|   Register as Flip Flop |   65 |     0 |     41600 |  0.16 |
|   Register as Latch     |    0 |     0 |     41600 |  0.00 |
| F7 Muxes                |    0 |     0 |     16300 |  0.00 |
| F8 Muxes                |    0 |     0 |      8150 |  0.00 |
+-------------------------+------+-------+-----------+-------+


1.1 Summary of Registers by Type
--------------------------------

+-------+--------------+-------------+--------------+
| Total | Clock Enable | Synchronous | Asynchronous |
+-------+--------------+-------------+--------------+
| 0     |            _ |           - |            - |
| 0     |            _ |           - |          Set |
| 0     |            _ |           - |        Reset |
| 0     |            _ |         Set |            - |
| 0     |            _ |       Reset |            - |
| 0     |          Yes |           - |            - |
| 0     |          Yes |           - |          Set |
| 65    |          Yes |           - |        Reset |
| 0     |          Yes |         Set |            - |
| 0     |          Yes |       Reset |            - |
+-------+--------------+-------------+--------------+


2. Slice Logic Distribution
---------------------------

+--------------------------------------------+------+-------+-----------+-------+
|                  Site Type                 | Used | Fixed | Available | Util% |
+--------------------------------------------+------+-------+-----------+-------+
| Slice                                      |   24 |     0 |      8150 |  0.29 |
|   SLICEL                                   |   12 |     0 |           |       |
|   SLICEM                                   |   12 |     0 |           |       |
| LUT as Logic                               |   68 |     0 |     20800 |  0.33 |
|   using O5 output only                     |    0 |       |           |       |
|   using O6 output only                     |   68 |       |           |       |
|   using O5 and O6                          |    0 |       |           |       |
| LUT as Memory                              |    0 |     0 |      9600 |  0.00 |
|   LUT as Distributed RAM                   |    0 |     0 |           |       |
|   LUT as Shift Register                    |    0 |     0 |           |       |
| Slice Registers                            |   65 |     0 |     41600 |  0.16 |
|   Register driven from within the Slice    |    0 |       |           |       |
|   Register driven from outside the Slice   |   65 |       |           |       |
|     LUT in front of the register is unused |   33 |       |           |       |
|     LUT in front of the register is used   |   32 |       |           |       |
| Unique Control Sets                        |    5 |       |      8150 |  0.06 |
+--------------------------------------------+------+-------+-----------+-------+
* Note: Available Control Sets calculated as Slice Registers / 8, Review the Control Sets Report for more information regarding control sets.


3. Memory
---------

+----------------+------+-------+-----------+-------+
|    Site Type   | Used | Fixed | Available | Util% |
+----------------+------+-------+-----------+-------+
| Block RAM Tile |    0 |     0 |        50 |  0.00 |
|   RAMB36/FIFO* |    0 |     0 |        50 |  0.00 |
|   RAMB18       |    0 |     0 |       100 |  0.00 |
+----------------+------+-------+-----------+-------+
* Note: Each Block RAM Tile only has one FIFO logic available and therefore can accommodate only one FIFO36E1 or one FIFO18E1. However, if a FIFO18E1 occupies a Block RAM Tile, that tile can still accommodate a RAMB18E1


4. DSP
------

+----------------+------+-------+-----------+-------+
|    Site Type   | Used | Fixed | Available | Util% |
+----------------+------+-------+-----------+-------+
| DSPs           |    2 |     0 |        90 |  2.22 |
|   DSP48E1 only |    2 |       |           |       |
+----------------+------+-------+-----------+-------+


5. IO and GT Specific
---------------------

+-----------------------------+------+-------+-----------+-------+
|          Site Type          | Used | Fixed | Available | Util% |
+-----------------------------+------+-------+-----------+-------+
| Bonded IOB                  |    0 |     0 |       106 |  0.00 |
| Bonded IPADs                |    0 |     0 |        10 |  0.00 |
| Bonded OPADs                |    0 |     0 |         4 |  0.00 |
| PHY_CONTROL                 |    0 |     0 |         5 |  0.00 |
| PHASER_REF                  |    0 |     0 |         5 |  0.00 |
| OUT_FIFO                    |    0 |     0 |        20 |  0.00 |
| IN_FIFO                     |    0 |     0 |        20 |  0.00 |
| IDELAYCTRL                  |    0 |     0 |         5 |  0.00 |
| IBUFDS                      |    0 |     0 |       104 |  0.00 |
| GTPE2_CHANNEL               |    0 |     0 |         2 |  0.00 |
| PHASER_OUT/PHASER_OUT_PHY   |    0 |     0 |        20 |  0.00 |
| PHASER_IN/PHASER_IN_PHY     |    0 |     0 |        20 |  0.00 |
| IDELAYE2/IDELAYE2_FINEDELAY |    0 |     0 |       250 |  0.00 |
| IBUFDS_GTE2                 |    0 |     0 |         2 |  0.00 |
| ILOGIC                      |    0 |     0 |       106 |  0.00 |
| OLOGIC                      |    0 |     0 |       106 |  0.00 |
+-----------------------------+------+-------+-----------+-------+


6. Clocking
-----------

+------------+------+-------+-----------+-------+
|  Site Type | Used | Fixed | Available | Util% |
+------------+------+-------+-----------+-------+
| BUFGCTRL   |    0 |     0 |        32 |  0.00 |
| BUFIO      |    0 |     0 |        20 |  0.00 |
| MMCME2_ADV |    0 |     0 |         5 |  0.00 |
| PLLE2_ADV  |    0 |     0 |         5 |  0.00 |
| BUFMRCE    |    0 |     0 |        10 |  0.00 |
| BUFHCE     |    0 |     0 |        72 |  0.00 |
| BUFR       |    0 |     0 |        20 |  0.00 |
+------------+------+-------+-----------+-------+


7. Specific Feature
-------------------

+-------------+------+-------+-----------+-------+
|  Site Type  | Used | Fixed | Available | Util% |
+-------------+------+-------+-----------+-------+
| BSCANE2     |    0 |     0 |         4 |  0.00 |
| CAPTUREE2   |    0 |     0 |         1 |  0.00 |
| DNA_PORT    |    0 |     0 |         1 |  0.00 |
| EFUSE_USR   |    0 |     0 |         1 |  0.00 |
| FRAME_ECCE2 |    0 |     0 |         1 |  0.00 |
| ICAPE2      |    0 |     0 |         2 |  0.00 |
| PCIE_2_1    |    0 |     0 |         1 |  0.00 |
| STARTUPE2   |    0 |     0 |         1 |  0.00 |
| XADC        |    0 |     0 |         1 |  0.00 |
+-------------+------+-------+-----------+-------+


8. Primitives
-------------

+----------+------+---------------------+
| Ref Name | Used | Functional Category |
+----------+------+---------------------+
| FDCE     |   65 |        Flop & Latch |
| LUT4     |   32 |                 LUT |
| LUT2     |   32 |                 LUT |
| CARRY4   |    8 |          CarryLogic |
| LUT5     |    4 |                 LUT |
| DSP48E1  |    2 |    Block Arithmetic |
+----------+------+---------------------+


9. Black Boxes
--------------

+----------+------+
| Ref Name | Used |
+----------+------+


10. Instantiated Netlists
-------------------------

+----------+------+
| Ref Name | Used |
+----------+------+


# report_timing
INFO: [Timing 38-91] UpdateTimingParams: Speed grade: -1, Delay Type: max.
INFO: [Timing 38-191] Multithreading enabled for timing update using a maximum of 2 CPUs
WARNING: [Timing 38-242] The property HD.CLK_SRC of clock port "clk[0]" is not set. In out-of-context mode, this prevents timing estimation for clock delay/skew
Resolution: Set the HD.CLK_SRC property of the out-of-context port to the location of the clock buffer instance in the top-level design
INFO: [Timing 38-78] ReportTimingParams: -max_paths 1 -nworst 1 -delay_type max -sort_by slack.
Copyright 1986-2019 Xilinx, Inc. All Rights Reserved.
------------------------------------------------------------------------------------
| Tool Version : Vivado v.2019.1 (lin64) Build 2552052 Fri May 24 14:47:09 MDT 2019
| Date         : Sat Jan  2 23:12:33 2021
| Host         : pedroazevedo-VirtualBox running 64-bit Ubuntu 18.04.5 LTS
| Command      : report_timing
| Design       : iob_knn
| Device       : 7a35t-cpg236
| Speed File   : -1  PRODUCTION 1.23 2018-06-13
------------------------------------------------------------------------------------

Timing Report

Slack:                    inf
  Source:                 address[2]
                            (input port)
  Destination:            KNN_x1sw_reg[12]/CE
                            (rising edge-triggered cell FDCE clocked by clk  {rise@0.000ns fall@5.000ns period=10.000ns})
  Path Group:             (none)
  Path Type:              Setup (Max at Slow Process Corner)
  Data Path Delay:        1.952ns  (logic 0.124ns (6.353%)  route 1.828ns (93.647%))
  Logic Levels:           1  (LUT5=1)
  Clock Path Skew:        0.924ns (DCD - SCD + CPR)
    Destination Clock Delay (DCD):    0.924ns
    Source Clock Delay      (SCD):    0.000ns
    Clock Pessimism Removal (CPR):    0.000ns

    Location             Delay type                Incr(ns)  Path(ns)    Netlist Resource(s)
  -------------------------------------------------------------------    -------------------
                                                      0.000     0.000 f  address[2] (IN)
                         net (fo=35, unset)           0.973     0.973    address[2]
    SLICE_X55Y73         LUT5 (Prop_lut5_I4_O)        0.124     1.097 r  KNN_x1sw[15]_i_1/O
                         net (fo=16, routed)          0.855     1.952    KNN_x1sw1[0]
    SLICE_X55Y75         FDCE                                         r  KNN_x1sw_reg[12]/CE
  -------------------------------------------------------------------    -------------------

                         (clock clk rise edge)        0.000     0.000 r  
                                                      0.000     0.000 r  clk[0] (IN)
                         net (fo=64, unset)           0.924     0.924    clk[0]
    SLICE_X55Y75         FDCE                                         r  KNN_x1sw_reg[12]/C




# report_clocks
Copyright 1986-2019 Xilinx, Inc. All Rights Reserved.
------------------------------------------------------------------------------------
| Tool Version : Vivado v.2019.1 (lin64) Build 2552052 Fri May 24 14:47:09 MDT 2019
| Date         : Sat Jan  2 23:12:33 2021
| Host         : pedroazevedo-VirtualBox running 64-bit Ubuntu 18.04.5 LTS
| Command      : report_clocks
| Design       : iob_knn
| Device       : 7a35t-cpg236
| Speed File   : -1  PRODUCTION 1.23 2018-06-13
------------------------------------------------------------------------------------

Clock Report


Attributes
  P: Propagated
  G: Generated
  A: Auto-derived
  R: Renamed
  V: Virtual
  I: Inverted
  S: Pin phase-shifted with Latency mode

Clock  Period(ns)  Waveform(ns)   Attributes  Sources
clk    10.000      {0.000 5.000}  P           {clk[0]}


====================================================
Generated Clocks
====================================================



====================================================
User Uncertainty
====================================================



====================================================
User Jitter
====================================================


# write_edif -force $TOP.edif
# set TOP_STUB $TOP
# append TOP_STUB "_stub"
# write_verilog -force -mode synth_stub $TOP_STUB.v
INFO: [Common 17-206] Exiting Vivado at Sat Jan  2 23:12:33 2021...
